<?xml version="1.0" encoding="UTF-8"?>
<!-- Generated by org.testng.reporters.JUnitReportReporter -->
<testsuite hostname="LAPTOP-SJRP3D7L" name="com.tests.Runner" tests="1" failures="0" timestamp="13 Feb 2021 16:11:23 GMT" time="0.269" errors="1">
  <testcase name="runScenario" time="0.269" classname="com.tests.Runner">
    <error type="java.lang.NullPointerException">
      <![CDATA[java.lang.NullPointerException
	at com.hooks.AppHook.loaddriver(AppHook.java:30)
]]>
    </error>
  </testcase> <!-- runScenario -->
</testsuite> <!-- com.tests.Runner -->
